0 info it worked if it ends with ok
1 verbose cli [ '/usr/bin/nodejs', '/usr/bin/npm', 'run', 'test' ]
2 info using npm@3.5.2
3 info using node@v4.2.6
4 verbose run-script [ 'pretest', 'test', 'posttest' ]
5 info lifecycle web_services_project@1.0.0~pretest: web_services_project@1.0.0
6 silly lifecycle web_services_project@1.0.0~pretest: no script for pretest, continuing
7 info lifecycle web_services_project@1.0.0~test: web_services_project@1.0.0
8 verbose lifecycle web_services_project@1.0.0~test: unsafe-perm in lifecycle true
9 verbose lifecycle web_services_project@1.0.0~test: PATH: /usr/share/npm/bin/node-gyp-bin:/home/paul/Desktop/WebServicesProject/node_modules/.bin:/u01/app/oracle/product/11.2.0/xe/bin:/u01/app/oracle/product/11.2.0/xe/bin:/home/paul/bin:/home/paul/.local/bin:/usr/local/sbin:/usr/local/bin:/usr/sbin:/usr/bin:/sbin:/bin:/usr/games:/usr/local/games:/snap/bin:/usr/lib/jvm/java-9-oracle/bin:/usr/lib/jvm/java-9-oracle/db/bin
10 verbose lifecycle web_services_project@1.0.0~test: CWD: /home/paul/Desktop/WebServicesProject
11 silly lifecycle web_services_project@1.0.0~test: Args: [ '-c',
11 silly lifecycle   'cross-env NODE_ENV=test mocha --require babel-core/register --require babel-polyfill --reporter mochawesome' ]
12 silly lifecycle web_services_project@1.0.0~test: Returned: code: 1  signal: null
13 info lifecycle web_services_project@1.0.0~test: Failed to exec test script
14 verbose stack Error: web_services_project@1.0.0 test: `cross-env NODE_ENV=test mocha --require babel-core/register --require babel-polyfill --reporter mochawesome`
14 verbose stack Exit status 1
14 verbose stack     at EventEmitter.<anonymous> (/usr/share/npm/lib/utils/lifecycle.js:232:16)
14 verbose stack     at emitTwo (events.js:87:13)
14 verbose stack     at EventEmitter.emit (events.js:172:7)
14 verbose stack     at ChildProcess.<anonymous> (/usr/share/npm/lib/utils/spawn.js:24:14)
14 verbose stack     at emitTwo (events.js:87:13)
14 verbose stack     at ChildProcess.emit (events.js:172:7)
14 verbose stack     at maybeClose (internal/child_process.js:821:16)
14 verbose stack     at Process.ChildProcess._handle.onexit (internal/child_process.js:211:5)
15 verbose pkgid web_services_project@1.0.0
16 verbose cwd /home/paul/Desktop/WebServicesProject
17 error Linux 4.13.0-36-generic
18 error argv "/usr/bin/nodejs" "/usr/bin/npm" "run" "test"
19 error node v4.2.6
20 error npm  v3.5.2
21 error code ELIFECYCLE
22 error web_services_project@1.0.0 test: `cross-env NODE_ENV=test mocha --require babel-core/register --require babel-polyfill --reporter mochawesome`
22 error Exit status 1
23 error Failed at the web_services_project@1.0.0 test script 'cross-env NODE_ENV=test mocha --require babel-core/register --require babel-polyfill --reporter mochawesome'.
23 error Make sure you have the latest version of node.js and npm installed.
23 error If you do, this is most likely a problem with the web_services_project package,
23 error not with npm itself.
23 error Tell the author that this fails on your system:
23 error     cross-env NODE_ENV=test mocha --require babel-core/register --require babel-polyfill --reporter mochawesome
23 error You can get information on how to open an issue for this project with:
23 error     npm bugs web_services_project
23 error Or if that isn't available, you can get their info via:
23 error     npm owner ls web_services_project
23 error There is likely additional logging output above.
24 verbose exit [ 1, true ]
